  Application.cpp
C:\workspace\OpenGL\OpenGL\src\Application.cpp(40,17): warning C4244: 'return': conversão de 'double' para 'float', possível perda de dados
C:\workspace\OpenGL\OpenGL\src\Application.cpp(56,12): warning C4244: '=': conversão de 'double' para 'float', possível perda de dados
C:\workspace\OpenGL\OpenGL\src\Application.cpp(57,29): warning C4305: '+=': truncamento de 'double' para 'float'
C:\workspace\OpenGL\OpenGL\src\Application.cpp(58,34): warning C4305: '-=': truncamento de 'double' para 'float'
C:\workspace\OpenGL\OpenGL\src\Application.cpp(64,20): warning C4244: 'inicializando': conversão de 'double' para 'float', possível perda de dados
C:\workspace\OpenGL\OpenGL\src\Application.cpp(66,40): warning C4244: '=': conversão de 'double' para 'float', possível perda de dados
C:\workspace\OpenGL\OpenGL\src\Application.cpp(72,40): warning C4244: '=': conversão de 'int' para 'float', possível perda de dados
C:\workspace\OpenGL\OpenGL\src\Application.cpp(104,20): warning C4244: 'inicializando': conversão de 'double' para 'float', possível perda de dados
C:\workspace\OpenGL\OpenGL\src\Application.cpp(106,40): warning C4244: '=': conversão de 'double' para 'float', possível perda de dados
C:\workspace\OpenGL\OpenGL\src\Application.cpp(112,40): warning C4244: '=': conversão de 'int' para 'float', possível perda de dados
C:\workspace\OpenGL\OpenGL\src\Application.cpp(154,24): warning C4244: 'argumento': conversão de 'float' para 'GLint', possível perda de dados
C:\workspace\OpenGL\OpenGL\src\Application.cpp(154,20): warning C4244: 'argumento': conversão de 'float' para 'GLint', possível perda de dados
C:\workspace\OpenGL\OpenGL\src\Application.cpp(155,24): warning C4244: 'argumento': conversão de 'float' para 'GLint', possível perda de dados
C:\workspace\OpenGL\OpenGL\src\Application.cpp(155,20): warning C4244: 'argumento': conversão de 'float' para 'GLint', possível perda de dados
C:\workspace\OpenGL\OpenGL\src\Application.cpp(162,25): warning C4305: '+=': truncamento de 'double' para 'float'
C:\workspace\OpenGL\OpenGL\src\Application.cpp(164,25): warning C4305: '-=': truncamento de 'double' para 'float'
C:\workspace\OpenGL\OpenGL\src\Application.cpp(165,21): warning C4244: '=': conversão de 'double' para 'float', possível perda de dados
C:\workspace\OpenGL\OpenGL\src\Application.cpp(175,33): warning C4244: 'argumento': conversão de 'float' para 'GLint', possível perda de dados
C:\workspace\OpenGL\OpenGL\src\Application.cpp(176,38): warning C4244: 'argumento': conversão de 'float' para 'GLint', possível perda de dados
C:\workspace\OpenGL\OpenGL\src\Application.cpp(179,17): warning C4305: '+=': truncamento de 'double' para 'float'
C:\workspace\OpenGL\OpenGL\src\Application.cpp(180,33): warning C4305: '+=': truncamento de 'double' para 'float'
C:\workspace\OpenGL\OpenGL\src\Application.cpp(181,38): warning C4305: '-=': truncamento de 'double' para 'float'
C:\workspace\OpenGL\OpenGL\src\Application.cpp(187,20): warning C4244: 'inicializando': conversão de 'int' para 'float', possível perda de dados
C:\workspace\OpenGL\OpenGL\src\Application.cpp(188,21): warning C4244: 'inicializando': conversão de 'int' para 'float', possível perda de dados
C:\workspace\OpenGL\OpenGL\src\Application.cpp(297,18): warning C4244: '=': conversão de 'double' para 'float', possível perda de dados
C:\workspace\OpenGL\OpenGL\src\Application.cpp(298,18): warning C4244: '=': conversão de 'double' para 'float', possível perda de dados
C:\workspace\OpenGL\OpenGL\src\Application.cpp(307,18): warning C4244: '=': conversão de 'double' para 'float', possível perda de dados
C:\workspace\OpenGL\OpenGL\src\Application.cpp(308,18): warning C4244: '=': conversão de 'double' para 'float', possível perda de dados
C:\workspace\OpenGL\OpenGL\src\Application.cpp(313,37): warning C4244: '-=': conversão de 'double' para 'float', possível perda de dados
C:\workspace\OpenGL\OpenGL\src\Application.cpp(315,25): warning C4305: '+=': truncamento de 'double' para 'float'
C:\workspace\OpenGL\OpenGL\src\Application.cpp(316,23): warning C4244: '=': conversão de 'double' para 'float', possível perda de dados
C:\workspace\OpenGL\OpenGL\src\Application.cpp(317,23): warning C4244: '=': conversão de 'double' para 'float', possível perda de dados
C:\workspace\OpenGL\OpenGL\src\Application.cpp(320,37): warning C4244: '+=': conversão de 'double' para 'float', possível perda de dados
C:\workspace\OpenGL\OpenGL\src\Application.cpp(322,25): warning C4305: '-=': truncamento de 'double' para 'float'
C:\workspace\OpenGL\OpenGL\src\Application.cpp(323,23): warning C4244: '=': conversão de 'double' para 'float', possível perda de dados
C:\workspace\OpenGL\OpenGL\src\Application.cpp(324,23): warning C4244: '=': conversão de 'double' para 'float', possível perda de dados
C:\workspace\OpenGL\OpenGL\src\Application.cpp(333,23): warning C4244: '=': conversão de 'int' para 'float', possível perda de dados
C:\workspace\OpenGL\OpenGL\src\Application.cpp(334,22): warning C4244: '=': conversão de 'int' para 'float', possível perda de dados
C:\workspace\OpenGL\OpenGL\src\Application.cpp(335,34): warning C4305: 'argumento': truncamento de 'double' para 'GLclampf'
  Gerando código
  3 of 10 functions (30.0%) were compiled, the rest were copied from previous compilation.
    1 functions were new in current compilation
    0 functions had inline decision re-evaluated but remain unchanged
  Finalizada a geração de código
  OpenGL.vcxproj -> C:\workspace\OpenGL\Release\OpenGL.exe
